<?xml version="1.0" encoding="UTF-8"?>
<!-- Generated by org.testng.reporters.JUnitXMLReporter -->
<testsuite hostname="apples-MacBook-Air.local" ignored="2" name="Default test(failed)" tests="2" failures="1" timestamp="2022-06-16T07:46:26 IST" time="27.487" errors="0">
  <testcase name="loginToAppTest" time="13.669" classname="TestCases.LoginTestDuplicate">
    <failure type="java.lang.AssertionError" message="expected [1Tanuja] but found [Tanuja]">
      <![CDATA[java.lang.AssertionError: expected [1Tanuja] but found [Tanuja]
at TestCases.LoginTestDuplicate.loginToAppTest(LoginTestDuplicate.java:55)
at java.util.ArrayList.forEach(ArrayList.java:1257)
... Removed 33 stack frames]]>
    </failure>
  </testcase> <!-- loginToAppTest -->
  <testcase name="verifyTitleTest" time="0.015" classname="TestCases.LoginTestDuplicate"/>
  <testcase name="verifyKiteLogoTest" time="0.0" classname="TestCases.LoginTestDuplicate">
    <ignored/>
  </testcase> <!-- verifyKiteLogoTest -->
  <testcase name="verifyZerodhaLogoTest" time="0.0" classname="TestCases.LoginTestDuplicate">
    <ignored/>
  </testcase> <!-- verifyZerodhaLogoTest -->
</testsuite> <!-- Default test(failed) -->
